<?xml version="1.0" encoding="UTF-8"?>
<!-- Generated by org.testng.reporters.JUnitReportReporter -->
<testsuite skipped="0" hostname="HP-PC" name="SeleniumBasics_Practo.PageTestSinglton" tests="1" failures="0" timestamp="06 Aug 2018 11:11:31 GMT" time="17.155" errors="0">
  <testcase name="testMethod1" time="17.155" classname="SeleniumBasics_Practo.PageTestSinglton"/>
</testsuite> <!-- SeleniumBasics_Practo.PageTestSinglton -->
